<?xml version="1.0" encoding="UTF-8"?><testsuite errors="0" failures="0" name="Testing different request on the reqres application" skipped="5" tests="5" time="0.29" timestamp="2022-06-21T09:09:16.563+01:00[Europe/London]"><testcase name="Check if the reqres application can be accessed by users"><skipped/></testcase><testcase name="Check if user can create id in reqres application"><skipped/></testcase><testcase name="User verify if created id added to reqres application"><skipped/></testcase><testcase name="User verify if created id Update to the reqres application"><skipped/></testcase><testcase name="User verify if the created id is Delete from the reqres application"><skipped/></testcase></testsuite>